Build started 9/9/2015 11:47:06 PM.
     1>Project "C:\Users\Jemma\Documents\School\CS_334\Assignment1Framework\Assignment1Framework\OpenGLFramework\OpenGLFramework\OpenGLFramework.vcxproj" on node 2 (Build target(s)).
     1>ClCompile:
         C:\Program Files (x86)\Microsoft Visual Studio 11.0\VC\bin\CL.exe /c /ZI /nologo /W3 /WX- /sdl /Od /Oy- /D _MBCS /Gm /EHsc /RTC1 /MDd /GS /fp:precise /Zc:wchar_t /Zc:forScope /Fo"Debug\\" /Fd"Debug\vc110.pdb" /Gd /TP /analyze- /errorReport:prompt main.cpp
         main.cpp
     1>c:\users\jemma\documents\school\cs_334\assignment1framework\assignment1framework\openglframework\openglframework\main.cpp(10): warning C4305: 'initializing' : truncation from 'double' to 'const float'
     1>c:\users\jemma\documents\school\cs_334\assignment1framework\assignment1framework\openglframework\openglframework\main.cpp(100): warning C4244: 'argument' : conversion from 'int' to 'GLfloat', possible loss of data
     1>c:\users\jemma\documents\school\cs_334\assignment1framework\assignment1framework\openglframework\openglframework\main.cpp(107): warning C4244: '+=' : conversion from 'double' to 'float', possible loss of data
     1>c:\users\jemma\documents\school\cs_334\assignment1framework\assignment1framework\openglframework\openglframework\main.cpp(117): warning C4244: '-=' : conversion from 'double' to 'float', possible loss of data
     1>c:\users\jemma\documents\school\cs_334\assignment1framework\assignment1framework\openglframework\openglframework\main.cpp(118): warning C4244: '-=' : conversion from 'double' to 'float', possible loss of data
     1>c:\users\jemma\documents\school\cs_334\assignment1framework\assignment1framework\openglframework\openglframework\main.cpp(131): warning C4244: 'initializing' : conversion from 'double' to 'float', possible loss of data
     1>c:\users\jemma\documents\school\cs_334\assignment1framework\assignment1framework\openglframework\openglframework\main.cpp(132): warning C4244: 'initializing' : conversion from 'double' to 'float', possible loss of data
     1>c:\users\jemma\documents\school\cs_334\assignment1framework\assignment1framework\openglframework\openglframework\main.cpp(144): warning C4244: 'argument' : conversion from 'int' to 'GLfloat', possible loss of data
     1>c:\users\jemma\documents\school\cs_334\assignment1framework\assignment1framework\openglframework\openglframework\main.cpp(145): warning C4244: '-=' : conversion from 'double' to 'float', possible loss of data
     1>c:\users\jemma\documents\school\cs_334\assignment1framework\assignment1framework\openglframework\openglframework\main.cpp(146): warning C4244: '-=' : conversion from 'double' to 'float', possible loss of data
     1>c:\users\jemma\documents\school\cs_334\assignment1framework\assignment1framework\openglframework\openglframework\main.cpp(149): warning C4244: 'argument' : conversion from 'int' to 'GLfloat', possible loss of data
     1>c:\users\jemma\documents\school\cs_334\assignment1framework\assignment1framework\openglframework\openglframework\main.cpp(319): warning C4244: 'argument' : conversion from 'float' to 'int', possible loss of data
       Link:
         C:\Program Files (x86)\Microsoft Visual Studio 11.0\VC\bin\link.exe /ERRORREPORT:PROMPT /OUT:"C:\Users\Jemma\Documents\School\CS_334\Assignment1Framework\Assignment1Framework\OpenGLFramework\Debug\OpenGLFramework.exe" /INCREMENTAL /NOLOGO kernel32.lib user32.lib gdi32.lib winspool.lib comdlg32.lib advapi32.lib shell32.lib ole32.lib oleaut32.lib uuid.lib odbc32.lib odbccp32.lib /MANIFEST /MANIFESTUAC:"level='asInvoker' uiAccess='false'" /manifest:embed /DEBUG /PDB:"C:\Users\Jemma\Documents\School\CS_334\Assignment1Framework\Assignment1Framework\OpenGLFramework\Debug\OpenGLFramework.pdb" /TLBID:1 /DYNAMICBASE /NXCOMPAT /IMPLIB:"C:\Users\Jemma\Documents\School\CS_334\Assignment1Framework\Assignment1Framework\OpenGLFramework\Debug\OpenGLFramework.lib" /MACHINE:X86 Debug\main.obj
         OpenGLFramework.vcxproj -> C:\Users\Jemma\Documents\School\CS_334\Assignment1Framework\Assignment1Framework\OpenGLFramework\Debug\OpenGLFramework.exe
     1>Done Building Project "C:\Users\Jemma\Documents\School\CS_334\Assignment1Framework\Assignment1Framework\OpenGLFramework\OpenGLFramework\OpenGLFramework.vcxproj" (Build target(s)).

Build succeeded.

Time Elapsed 00:00:00.83
